yarn run v1.22.22
$ storybook build --output-dir /var/folders/pp/77tfmj594y72hnz_vs6cg05h0000gq/T/chromatic--28597-NP8Z37IDWsWo
@storybook/cli v7.6.6

info => Cleaning outputDir: /var/folders/pp/77tfmj594y72hnz_vs6cg05h0000gq/T/chromatic--28597-NP8Z37IDWsWo
info => Loading presets
info => Building manager..
info => Manager built (71 ms)
info => Building preview..
info => Copying static files: /Users/dsc/Desktop/web/storybook/storybook-for-react-tutorial/taskbox/node_modules/@storybook/manager/static at /var/folders/pp/77tfmj594y72hnz_vs6cg05h0000gq/T/chromatic--28597-NP8Z37IDWsWo/sb-common-assets
info => Copying static files: /Users/dsc/Desktop/web/storybook/storybook-for-react-tutorial/taskbox/public at /var/folders/pp/77tfmj594y72hnz_vs6cg05h0000gq/T/chromatic--28597-NP8Z37IDWsWo/
vite v4.5.1 building for production...
transforming...
✓ 839 modules transformed.
rendering chunks...
computing gzip size...
../../../../../../../var/folders/pp/77tfmj594y72hnz_vs6cg05h0000gq/T/chromatic--28597-NP8Z37IDWsWo/iframe.html                                     12.58 kB │ gzip:   3.58 kB
../../../../../../../var/folders/pp/77tfmj594y72hnz_vs6cg05h0000gq/T/chromatic--28597-NP8Z37IDWsWo/assets/percolate-dac75269.ttf                   34.04 kB
../../../../../../../var/folders/pp/77tfmj594y72hnz_vs6cg05h0000gq/T/chromatic--28597-NP8Z37IDWsWo/assets/percolate-ec979d96.woff                  34.11 kB
../../../../../../../var/folders/pp/77tfmj594y72hnz_vs6cg05h0000gq/T/chromatic--28597-NP8Z37IDWsWo/assets/percolate-5ed633c2.eot                   34.21 kB
../../../../../../../var/folders/pp/77tfmj594y72hnz_vs6cg05h0000gq/T/chromatic--28597-NP8Z37IDWsWo/assets/percolate-d13fa91b.svg                  140.51 kB │ gzip:  46.93 kB
../../../../../../../var/folders/pp/77tfmj594y72hnz_vs6cg05h0000gq/T/chromatic--28597-NP8Z37IDWsWo/assets/preview-dd25d82c.css                      6.87 kB │ gzip:   2.05 kB
../../../../../../../var/folders/pp/77tfmj594y72hnz_vs6cg05h0000gq/T/chromatic--28597-NP8Z37IDWsWo/assets/_commonjs-dynamic-modules-302442b1.js     0.24 kB │ gzip:   0.19 kB
../../../../../../../var/folders/pp/77tfmj594y72hnz_vs6cg05h0000gq/T/chromatic--28597-NP8Z37IDWsWo/assets/WithTooltip-V3YHNWJZ-a9bedf9a.js          0.44 kB │ gzip:   0.27 kB
../../../../../../../var/folders/pp/77tfmj594y72hnz_vs6cg05h0000gq/T/chromatic--28597-NP8Z37IDWsWo/assets/syntaxhighlighter-V7JZZA35-5283aa53.js    0.45 kB │ gzip:   0.29 kB
../../../../../../../var/folders/pp/77tfmj594y72hnz_vs6cg05h0000gq/T/chromatic--28597-NP8Z37IDWsWo/assets/preview-28cf951a.js                       0.51 kB │ gzip:   0.33 kB
../../../../../../../var/folders/pp/77tfmj594y72hnz_vs6cg05h0000gq/T/chromatic--28597-NP8Z37IDWsWo/assets/index-3fd0d1ea.js                         0.58 kB │ gzip:   0.35 kB
../../../../../../../var/folders/pp/77tfmj594y72hnz_vs6cg05h0000gq/T/chromatic--28597-NP8Z37IDWsWo/assets/preview-73104b77.js                       0.64 kB │ gzip:   0.45 kB
../../../../../../../var/folders/pp/77tfmj594y72hnz_vs6cg05h0000gq/T/chromatic--28597-NP8Z37IDWsWo/assets/_commonjsHelpers-de833af9.js              0.69 kB │ gzip:   0.38 kB
../../../../../../../var/folders/pp/77tfmj594y72hnz_vs6cg05h0000gq/T/chromatic--28597-NP8Z37IDWsWo/assets/index-356e4a49.js                         0.77 kB │ gzip:   0.47 kB
../../../../../../../var/folders/pp/77tfmj594y72hnz_vs6cg05h0000gq/T/chromatic--28597-NP8Z37IDWsWo/assets/index-8d47fad6.js                         0.80 kB │ gzip:   0.52 kB
../../../../../../../var/folders/pp/77tfmj594y72hnz_vs6cg05h0000gq/T/chromatic--28597-NP8Z37IDWsWo/assets/preview-0ef86afd.js                       0.86 kB │ gzip:   0.55 kB
../../../../../../../var/folders/pp/77tfmj594y72hnz_vs6cg05h0000gq/T/chromatic--28597-NP8Z37IDWsWo/assets/preview-7d759150.js                       1.04 kB │ gzip:   0.68 kB
../../../../../../../var/folders/pp/77tfmj594y72hnz_vs6cg05h0000gq/T/chromatic--28597-NP8Z37IDWsWo/assets/entry-preview-fb6629d6.js                 1.12 kB │ gzip:   0.66 kB
../../../../../../../var/folders/pp/77tfmj594y72hnz_vs6cg05h0000gq/T/chromatic--28597-NP8Z37IDWsWo/assets/index-11d98b33.js                         2.59 kB │ gzip:   1.26 kB
../../../../../../../var/folders/pp/77tfmj594y72hnz_vs6cg05h0000gq/T/chromatic--28597-NP8Z37IDWsWo/assets/preview-30b54f76.js                       3.21 kB │ gzip:   1.37 kB
../../../../../../../var/folders/pp/77tfmj594y72hnz_vs6cg05h0000gq/T/chromatic--28597-NP8Z37IDWsWo/assets/Task.stories-cd71f1f7.js                  3.66 kB │ gzip:   1.54 kB
../../../../../../../var/folders/pp/77tfmj594y72hnz_vs6cg05h0000gq/T/chromatic--28597-NP8Z37IDWsWo/assets/iframe-ffd8bf63.js                        4.64 kB │ gzip:   1.66 kB
../../../../../../../var/folders/pp/77tfmj594y72hnz_vs6cg05h0000gq/T/chromatic--28597-NP8Z37IDWsWo/assets/preview-d01b88e8.js                       5.23 kB │ gzip:   2.41 kB
../../../../../../../var/folders/pp/77tfmj594y72hnz_vs6cg05h0000gq/T/chromatic--28597-NP8Z37IDWsWo/assets/index-76fb7be0.js                         7.16 kB │ gzip:   2.91 kB
../../../../../../../var/folders/pp/77tfmj594y72hnz_vs6cg05h0000gq/T/chromatic--28597-NP8Z37IDWsWo/assets/preview-da31036b.js                       7.62 kB │ gzip:   1.55 kB
../../../../../../../var/folders/pp/77tfmj594y72hnz_vs6cg05h0000gq/T/chromatic--28597-NP8Z37IDWsWo/assets/preview-c56bf6ac.js                       8.28 kB │ gzip:   3.17 kB
../../../../../../../var/folders/pp/77tfmj594y72hnz_vs6cg05h0000gq/T/chromatic--28597-NP8Z37IDWsWo/assets/index-da07a199.js                        13.61 kB │ gzip:   5.13 kB
../../../../../../../var/folders/pp/77tfmj594y72hnz_vs6cg05h0000gq/T/chromatic--28597-NP8Z37IDWsWo/assets/Color-6VNJS4EI-a434d149.js               17.64 kB │ gzip:   6.81 kB
../../../../../../../var/folders/pp/77tfmj594y72hnz_vs6cg05h0000gq/T/chromatic--28597-NP8Z37IDWsWo/assets/TaskList.stories-900588eb.js             32.41 kB │ gzip:  12.06 kB
../../../../../../../var/folders/pp/77tfmj594y72hnz_vs6cg05h0000gq/T/chromatic--28597-NP8Z37IDWsWo/assets/preview-176c7daa.js                      34.23 kB │ gzip:  13.41 kB
../../../../../../../var/folders/pp/77tfmj594y72hnz_vs6cg05h0000gq/T/chromatic--28597-NP8Z37IDWsWo/assets/preview-21802b0a.js                      72.07 kB │ gzip:  24.41 kB
../../../../../../../var/folders/pp/77tfmj594y72hnz_vs6cg05h0000gq/T/chromatic--28597-NP8Z37IDWsWo/assets/_getPrototype-1e53b583.js                78.40 kB │ gzip:  23.54 kB
../../../../../../../var/folders/pp/77tfmj594y72hnz_vs6cg05h0000gq/T/chromatic--28597-NP8Z37IDWsWo/assets/react-18-236157c6.js                    134.55 kB │ gzip:  43.45 kB
../../../../../../../var/folders/pp/77tfmj594y72hnz_vs6cg05h0000gq/T/chromatic--28597-NP8Z37IDWsWo/assets/entry-preview-docs-17bdf6ae.js          212.41 kB │ gzip:  66.48 kB
../../../../../../../var/folders/pp/77tfmj594y72hnz_vs6cg05h0000gq/T/chromatic--28597-NP8Z37IDWsWo/assets/index-03d05a58.js                       375.25 kB │ gzip: 116.12 kB
../../../../../../../var/folders/pp/77tfmj594y72hnz_vs6cg05h0000gq/T/chromatic--28597-NP8Z37IDWsWo/assets/DocsRenderer-NNNQARDV-c8025a8e.js       537.37 kB │ gzip: 175.75 kB
../../../../../../../var/folders/pp/77tfmj594y72hnz_vs6cg05h0000gq/T/chromatic--28597-NP8Z37IDWsWo/assets/axe-18789938.js                         556.58 kB │ gzip: 152.93 kB
../../../../../../../var/folders/pp/77tfmj594y72hnz_vs6cg05h0000gq/T/chromatic--28597-NP8Z37IDWsWo/assets/InboxScreen.stories-292b6930.js         562.37 kB │ gzip: 149.27 kB
../../../../../../../var/folders/pp/77tfmj594y72hnz_vs6cg05h0000gq/T/chromatic--28597-NP8Z37IDWsWo/assets/formatter-SWP5E3XI-f1973d07.js          601.64 kB │ gzip: 186.24 kB
✓ built in 4.31s
info => Preview built (4.52 s)
info => Output directory: /var/folders/pp/77tfmj594y72hnz_vs6cg05h0000gq/T/chromatic--28597-NP8Z37IDWsWo
Done in 5.80s.
